build/app/intermediates/manifest_merge_blame_file/debug/manifest-merger-blame-debug-report.txt
1<?xml version="1.0" encoding="utf-8"?>
2<manifest xmlns:android="http://schemas.android.com/apk/res/android"
3    package="com.example.archdni"
4    android:versionCode="1"
5    android:versionName="1.0.0" >
6
7    <uses-sdk
8        android:minSdkVersion="23"
9        android:targetSdkVersion="31" />
10    <!--
11         The INTERNET permission is required for development. Specifically,
12         the Flutter tool needs it to communicate with the running application
13         to allow setting breakpoints, to provide hot reload, etc.
14    -->
15    <uses-permission android:name="android.permission.INTERNET" />
15-->src\debug\AndroidManifest.xml:7:5-66
15-->src\debug\AndroidManifest.xml:7:22-64
16    <uses-permission android:name="android.permission.WAKE_LOCK" />
16-->[:firebase_messaging] AndroidManifest.xml:10:5-68
16-->[:firebase_messaging] AndroidManifest.xml:10:22-65
17    <uses-permission android:name="android.permission.ACCESS_NETWORK_STATE" />
17-->[:firebase_messaging] AndroidManifest.xml:11:5-79
17-->[:firebase_messaging] AndroidManifest.xml:11:22-76
18    <uses-permission android:name="android.permission.FOREGROUND_SERVICE" />
18-->[:geolocator_android] AndroidManifest.xml:9:5-77
18-->[:geolocator_android] AndroidManifest.xml:9:22-74
19    <uses-permission android:name="android.permission.RECEIVE_BOOT_COMPLETED" />
19-->[:flutter_local_notifications] AndroidManifest.xml:9:5-81
19-->[:flutter_local_notifications] AndroidManifest.xml:9:22-78
20    <uses-permission android:name="android.permission.VIBRATE" />
20-->[:flutter_local_notifications] AndroidManifest.xml:10:5-66
20-->[:flutter_local_notifications] AndroidManifest.xml:10:22-63
21    <uses-permission android:name="android.permission.USE_FULL_SCREEN_INTENT" />
21-->[:flutter_local_notifications] AndroidManifest.xml:11:5-81
21-->[:flutter_local_notifications] AndroidManifest.xml:11:22-78
22    <uses-permission android:name="android.permission.SCHEDULE_EXACT_ALARM" />
22-->[:flutter_local_notifications] AndroidManifest.xml:12:5-79
22-->[:flutter_local_notifications] AndroidManifest.xml:12:22-76
23    <uses-permission android:name="android.permission.CAMERA" />
23-->[:scan] AndroidManifest.xml:11:5-65
23-->[:scan] AndroidManifest.xml:11:22-62
24    <uses-permission android:name="android.permission.RECORD_AUDIO" />
24-->[:image_pickers] AndroidManifest.xml:10:5-71
24-->[:image_pickers] AndroidManifest.xml:10:22-68
25    <uses-permission android:name="android.permission.READ_EXTERNAL_STORAGE" />
25-->[:image_pickers] AndroidManifest.xml:11:5-80
25-->[:image_pickers] AndroidManifest.xml:11:22-77
26    <uses-permission android:name="android.permission.WRITE_EXTERNAL_STORAGE" />
26-->[:image_pickers] AndroidManifest.xml:12:5-81
26-->[:image_pickers] AndroidManifest.xml:12:22-78
27    <uses-permission android:name="android.permission.POST_NOTIFICATIONS" /> <!-- Required by older versions of Google Play services to create IID tokens -->
27-->[com.google.firebase:firebase-messaging:23.0.6] AndroidManifest.xml:26:5-77
27-->[com.google.firebase:firebase-messaging:23.0.6] AndroidManifest.xml:26:22-74
28    <uses-permission android:name="com.google.android.c2dm.permission.RECEIVE" />
28-->[com.google.firebase:firebase-messaging:23.0.6] AndroidManifest.xml:29:5-82
28-->[com.google.firebase:firebase-messaging:23.0.6] AndroidManifest.xml:29:22-79
29
30    <uses-feature
30-->[com.google.android.gms:play-services-maps:18.0.2] AndroidManifest.xml:26:5-28:35
31        android:glEsVersion="0x00020000"
31-->[com.google.android.gms:play-services-maps:18.0.2] AndroidManifest.xml:27:9-41
32        android:required="true" />
32-->[com.google.android.gms:play-services-maps:18.0.2] AndroidManifest.xml:28:9-32
33
34    <queries>
34-->[com.google.android.gms:play-services-maps:18.0.2] AndroidManifest.xml:30:5-34:15
35
36        <!-- Needs to be explicitly declared on Android R+ -->
37        <package android:name="com.google.android.apps.maps" />
37-->[com.google.android.gms:play-services-maps:18.0.2] AndroidManifest.xml:33:9-64
37-->[com.google.android.gms:play-services-maps:18.0.2] AndroidManifest.xml:33:18-61
38    </queries> <!-- Don't require camera, as this requires a rear camera. This allows it to work on the Nexus 7 -->
39    <uses-feature
39-->[com.journeyapps:zxing-android-embedded:4.3.0] AndroidManifest.xml:25:5-27:36
40        android:name="android.hardware.camera"
40-->[com.journeyapps:zxing-android-embedded:4.3.0] AndroidManifest.xml:26:9-47
41        android:required="false" />
41-->[com.journeyapps:zxing-android-embedded:4.3.0] AndroidManifest.xml:27:9-33
42    <uses-feature
42-->[com.journeyapps:zxing-android-embedded:4.3.0] AndroidManifest.xml:28:5-30:36
43        android:name="android.hardware.camera.front"
43-->[com.journeyapps:zxing-android-embedded:4.3.0] AndroidManifest.xml:29:9-53
44        android:required="false" /> <!-- TODO replace above two with next line after Android 4.2 -->
44-->[com.journeyapps:zxing-android-embedded:4.3.0] AndroidManifest.xml:30:9-33
45    <!-- <uses-feature android:name="android.hardware.camera.any"/> -->
46    <uses-feature
46-->[com.journeyapps:zxing-android-embedded:4.3.0] AndroidManifest.xml:33:5-35:36
47        android:name="android.hardware.camera.autofocus"
47-->[com.journeyapps:zxing-android-embedded:4.3.0] AndroidManifest.xml:34:9-57
48        android:required="false" />
48-->[com.journeyapps:zxing-android-embedded:4.3.0] AndroidManifest.xml:35:9-33
49    <uses-feature
49-->[com.journeyapps:zxing-android-embedded:4.3.0] AndroidManifest.xml:36:5-38:36
50        android:name="android.hardware.camera.flash"
50-->[com.journeyapps:zxing-android-embedded:4.3.0] AndroidManifest.xml:37:9-53
51        android:required="false" />
51-->[com.journeyapps:zxing-android-embedded:4.3.0] AndroidManifest.xml:38:9-33
52    <uses-feature
52-->[com.journeyapps:zxing-android-embedded:4.3.0] AndroidManifest.xml:39:5-41:36
53        android:name="android.hardware.screen.landscape"
53-->[com.journeyapps:zxing-android-embedded:4.3.0] AndroidManifest.xml:40:9-57
54        android:required="false" />
54-->[com.journeyapps:zxing-android-embedded:4.3.0] AndroidManifest.xml:41:9-33
55    <uses-feature
55-->[com.journeyapps:zxing-android-embedded:4.3.0] AndroidManifest.xml:42:5-44:36
56        android:name="android.hardware.wifi"
56-->[com.journeyapps:zxing-android-embedded:4.3.0] AndroidManifest.xml:43:9-45
57        android:required="false" />
57-->[com.journeyapps:zxing-android-embedded:4.3.0] AndroidManifest.xml:44:9-33
58
59    <application
60        android:name="android.app.Application"
61        android:appComponentFactory="androidx.core.app.CoreComponentFactory"
61-->[androidx.core:core:1.8.0] AndroidManifest.xml:24:18-86
62        android:debuggable="true"
63        android:extractNativeLibs="false"
64        android:icon="@mipmap/ic_launcher"
65        android:label="archdni"
66        android:networkSecurityConfig="@xml/net_sec"
66-->[:image_pickers] AndroidManifest.xml:16:9-53
67        android:requestLegacyExternalStorage="true" >
67-->[:image_pickers] AndroidManifest.xml:17:9-52
68        <activity
69            android:name="com.example.archdni.MainActivity"
70            android:configChanges="orientation|keyboardHidden|keyboard|screenSize|smallestScreenSize|locale|layoutDirection|fontScale|screenLayout|density|uiMode"
71            android:exported="true"
72            android:hardwareAccelerated="true"
73            android:launchMode="singleTop"
74            android:theme="@style/LaunchTheme"
75            android:windowSoftInputMode="adjustResize" >
76
77            <!--
78                 Specifies an Android theme to apply to this Activity as soon as
79                 the Android process has started. This theme is visible to the user
80                 while the Flutter UI initializes. After that, this theme continues
81                 to determine the Window background behind the Flutter UI.
82            -->
83            <meta-data
84                android:name="io.flutter.embedding.android.NormalTheme"
85                android:resource="@style/NormalTheme" />
86
87            <intent-filter>
88                <action android:name="android.intent.action.MAIN" />
89
90                <category android:name="android.intent.category.LAUNCHER" />
91            </intent-filter>
92        </activity>
93        <!--
94             Don't delete the meta-data below.
95             This is used by the Flutter tool to generate GeneratedPluginRegistrant.java
96        -->
97        <meta-data
98            android:name="flutterEmbedding"
99            android:value="2" />
100
101        <service
101-->[:cloud_firestore] AndroidManifest.xml:10:9-14:19
102            android:name="com.google.firebase.components.ComponentDiscoveryService"
102-->[:cloud_firestore] AndroidManifest.xml:10:18-89
103            android:directBootAware="true"
103-->[com.google.firebase:firebase-common:20.1.1] AndroidManifest.xml:35:13-43
104            android:exported="false" >
104-->[com.google.firebase:firebase-firestore:24.2.1] AndroidManifest.xml:19:13-37
105            <meta-data
105-->[:cloud_firestore] AndroidManifest.xml:11:13-13:85
106                android:name="com.google.firebase.components:io.flutter.plugins.firebase.firestore.FlutterFirebaseFirestoreRegistrar"
106-->[:cloud_firestore] AndroidManifest.xml:12:17-134
107                android:value="com.google.firebase.components.ComponentRegistrar" />
107-->[:cloud_firestore] AndroidManifest.xml:13:17-82
108            <meta-data
108-->[:firebase_messaging] AndroidManifest.xml:36:13-38:85
109                android:name="com.google.firebase.components:io.flutter.plugins.firebase.messaging.FlutterFirebaseAppRegistrar"
109-->[:firebase_messaging] AndroidManifest.xml:37:17-128
110                android:value="com.google.firebase.components.ComponentRegistrar" />
110-->[:firebase_messaging] AndroidManifest.xml:38:17-82
111            <meta-data
111-->[:firebase_core] AndroidManifest.xml:11:13-13:85
112                android:name="com.google.firebase.components:io.flutter.plugins.firebase.core.FlutterFirebaseCoreRegistrar"
112-->[:firebase_core] AndroidManifest.xml:12:17-124
113                android:value="com.google.firebase.components.ComponentRegistrar" />
113-->[:firebase_core] AndroidManifest.xml:13:17-82
114            <meta-data
114-->[com.google.firebase:firebase-firestore:24.2.1] AndroidManifest.xml:20:13-22:85
115                android:name="com.google.firebase.components:com.google.firebase.firestore.FirestoreRegistrar"
115-->[com.google.firebase:firebase-firestore:24.2.1] AndroidManifest.xml:21:17-111
116                android:value="com.google.firebase.components.ComponentRegistrar" />
116-->[com.google.firebase:firebase-firestore:24.2.1] AndroidManifest.xml:22:17-82
117            <meta-data
117-->[com.google.firebase:firebase-messaging:23.0.6] AndroidManifest.xml:56:13-58:85
118                android:name="com.google.firebase.components:com.google.firebase.messaging.FirebaseMessagingRegistrar"
118-->[com.google.firebase:firebase-messaging:23.0.6] AndroidManifest.xml:57:17-119
119                android:value="com.google.firebase.components.ComponentRegistrar" />
119-->[com.google.firebase:firebase-messaging:23.0.6] AndroidManifest.xml:58:17-82
120            <meta-data
120-->[com.google.firebase:firebase-datatransport:18.1.5] AndroidManifest.xml:28:13-30:85
121                android:name="com.google.firebase.components:com.google.firebase.datatransport.TransportRegistrar"
121-->[com.google.firebase:firebase-datatransport:18.1.5] AndroidManifest.xml:29:17-115
122                android:value="com.google.firebase.components.ComponentRegistrar" />
122-->[com.google.firebase:firebase-datatransport:18.1.5] AndroidManifest.xml:30:17-82
123            <meta-data
123-->[com.google.firebase:firebase-installations:17.0.1] AndroidManifest.xml:18:13-20:85
124                android:name="com.google.firebase.components:com.google.firebase.installations.FirebaseInstallationsRegistrar"
124-->[com.google.firebase:firebase-installations:17.0.1] AndroidManifest.xml:19:17-127
125                android:value="com.google.firebase.components.ComponentRegistrar" />
125-->[com.google.firebase:firebase-installations:17.0.1] AndroidManifest.xml:20:17-82
126        </service>
127        <service
127-->[:firebase_messaging] AndroidManifest.xml:14:9-17:72
128            android:name="io.flutter.plugins.firebase.messaging.FlutterFirebaseMessagingBackgroundService"
128-->[:firebase_messaging] AndroidManifest.xml:15:13-107
129            android:exported="false"
129-->[:firebase_messaging] AndroidManifest.xml:16:13-37
130            android:permission="android.permission.BIND_JOB_SERVICE" />
130-->[:firebase_messaging] AndroidManifest.xml:17:13-69
131        <service
131-->[:firebase_messaging] AndroidManifest.xml:18:9-24:19
132            android:name="io.flutter.plugins.firebase.messaging.FlutterFirebaseMessagingService"
132-->[:firebase_messaging] AndroidManifest.xml:19:13-97
133            android:exported="false" >
133-->[:firebase_messaging] AndroidManifest.xml:20:13-37
134            <intent-filter>
134-->[:firebase_messaging] AndroidManifest.xml:21:13-23:29
135                <action android:name="com.google.firebase.MESSAGING_EVENT" />
135-->[:firebase_messaging] AndroidManifest.xml:22:17-78
135-->[:firebase_messaging] AndroidManifest.xml:22:25-75
136            </intent-filter>
137        </service>
138
139        <receiver
139-->[:firebase_messaging] AndroidManifest.xml:26:9-33:20
140            android:name="io.flutter.plugins.firebase.messaging.FlutterFirebaseMessagingReceiver"
140-->[:firebase_messaging] AndroidManifest.xml:27:13-98
141            android:exported="true"
141-->[:firebase_messaging] AndroidManifest.xml:28:13-36
142            android:permission="com.google.android.c2dm.permission.SEND" >
142-->[:firebase_messaging] AndroidManifest.xml:29:13-73
143            <intent-filter>
143-->[:firebase_messaging] AndroidManifest.xml:30:13-32:29
144                <action android:name="com.google.android.c2dm.intent.RECEIVE" />
144-->[:firebase_messaging] AndroidManifest.xml:31:17-81
144-->[:firebase_messaging] AndroidManifest.xml:31:25-78
145            </intent-filter>
146        </receiver>
147
148        <provider
148-->[:firebase_messaging] AndroidManifest.xml:41:9-45:38
149            android:name="io.flutter.plugins.firebase.messaging.FlutterFirebaseMessagingInitProvider"
149-->[:firebase_messaging] AndroidManifest.xml:42:13-102
150            android:authorities="com.example.archdni.flutterfirebasemessaginginitprovider"
150-->[:firebase_messaging] AndroidManifest.xml:43:13-88
151            android:exported="false"
151-->[:firebase_messaging] AndroidManifest.xml:44:13-37
152            android:initOrder="99" />
152-->[:firebase_messaging] AndroidManifest.xml:45:13-35
153
154        <service
154-->[:geolocator_android] AndroidManifest.xml:12:9-16:56
155            android:name="com.baseflow.geolocator.GeolocatorLocationService"
155-->[:geolocator_android] AndroidManifest.xml:13:13-77
156            android:enabled="true"
156-->[:geolocator_android] AndroidManifest.xml:14:13-35
157            android:exported="false"
157-->[:geolocator_android] AndroidManifest.xml:15:13-37
158            android:foregroundServiceType="location" />
158-->[:geolocator_android] AndroidManifest.xml:16:13-53
159
160        <provider
160-->[:image_picker_android] AndroidManifest.xml:10:9-18:20
161            android:name="io.flutter.plugins.imagepicker.ImagePickerFileProvider"
161-->[:image_picker_android] AndroidManifest.xml:11:13-82
162            android:authorities="com.example.archdni.flutter.image_provider"
162-->[:image_picker_android] AndroidManifest.xml:12:13-74
163            android:exported="false"
163-->[:image_picker_android] AndroidManifest.xml:13:13-37
164            android:grantUriPermissions="true" >
164-->[:image_picker_android] AndroidManifest.xml:14:13-47
165            <meta-data
165-->[:image_picker_android] AndroidManifest.xml:15:13-17:75
166                android:name="android.support.FILE_PROVIDER_PATHS"
166-->[:image_picker_android] AndroidManifest.xml:16:17-67
167                android:resource="@xml/flutter_image_picker_file_paths" />
167-->[:image_picker_android] AndroidManifest.xml:17:17-72
168        </provider>
169
170        <receiver
170-->[:flutter_local_notifications] AndroidManifest.xml:15:9-17:40
171            android:name="com.dexterous.flutterlocalnotifications.ScheduledNotificationReceiver"
171-->[:flutter_local_notifications] AndroidManifest.xml:16:13-97
172            android:exported="false" />
172-->[:flutter_local_notifications] AndroidManifest.xml:17:13-37
173        <receiver
173-->[:flutter_local_notifications] AndroidManifest.xml:18:9-27:20
174            android:name="com.dexterous.flutterlocalnotifications.ScheduledNotificationBootReceiver"
174-->[:flutter_local_notifications] AndroidManifest.xml:19:13-101
175            android:exported="false" >
175-->[:flutter_local_notifications] AndroidManifest.xml:20:13-37
176            <intent-filter>
176-->[:flutter_local_notifications] AndroidManifest.xml:21:13-26:29
177                <action android:name="android.intent.action.BOOT_COMPLETED" />
177-->[:flutter_local_notifications] AndroidManifest.xml:22:17-79
177-->[:flutter_local_notifications] AndroidManifest.xml:22:25-76
178                <action android:name="android.intent.action.MY_PACKAGE_REPLACED" />
178-->[:flutter_local_notifications] AndroidManifest.xml:23:17-84
178-->[:flutter_local_notifications] AndroidManifest.xml:23:25-81
179                <action android:name="android.intent.action.QUICKBOOT_POWERON" />
179-->[:flutter_local_notifications] AndroidManifest.xml:24:17-82
179-->[:flutter_local_notifications] AndroidManifest.xml:24:25-79
180                <action android:name="com.htc.intent.action.QUICKBOOT_POWERON" />
180-->[:flutter_local_notifications] AndroidManifest.xml:25:17-82
180-->[:flutter_local_notifications] AndroidManifest.xml:25:25-79
181            </intent-filter>
182        </receiver>
183
184        <activity
184-->[:url_launcher_android] AndroidManifest.xml:10:9-13:74
185            android:name="io.flutter.plugins.urllauncher.WebViewActivity"
185-->[:url_launcher_android] AndroidManifest.xml:11:13-74
186            android:exported="false"
186-->[:url_launcher_android] AndroidManifest.xml:12:13-37
187            android:theme="@android:style/Theme.NoTitleBar.Fullscreen" /> <!-- 适配9.0的系统 -->
187-->[:url_launcher_android] AndroidManifest.xml:13:13-71
188        <uses-library
188-->[:image_pickers] AndroidManifest.xml:20:9-22:40
189            android:name="org.apache.http.legacy"
189-->[:image_pickers] AndroidManifest.xml:21:13-50
190            android:required="false" /> <!-- 适配9.0的系统 -->
190-->[:image_pickers] AndroidManifest.xml:22:13-37
191        <activity
191-->[:image_pickers] AndroidManifest.xml:24:9-26:49
192            android:name="com.leeson.image_pickers.activitys.PermissionActivity"
192-->[:image_pickers] AndroidManifest.xml:25:13-81
193            android:theme="@style/TransTheme" />
193-->[:image_pickers] AndroidManifest.xml:26:13-46
194        <activity
194-->[:image_pickers] AndroidManifest.xml:27:9-29:49
195            android:name="com.leeson.image_pickers.activitys.SelectPicsActivity"
195-->[:image_pickers] AndroidManifest.xml:28:13-81
196            android:theme="@style/TransTheme" />
196-->[:image_pickers] AndroidManifest.xml:29:13-46
197        <activity
197-->[:image_pickers] AndroidManifest.xml:30:9-33:47
198            android:name="com.leeson.image_pickers.activitys.PhotosActivity"
198-->[:image_pickers] AndroidManifest.xml:31:13-77
199            android:screenOrientation="portrait"
199-->[:image_pickers] AndroidManifest.xml:32:13-49
200            android:theme="@style/AppTheme" />
200-->[:image_pickers] AndroidManifest.xml:33:13-44
201        <activity
201-->[:image_pickers] AndroidManifest.xml:34:9-37:47
202            android:name="com.leeson.image_pickers.activitys.VideoActivity"
202-->[:image_pickers] AndroidManifest.xml:35:13-76
203            android:configChanges="orientation|screenSize"
203-->[:image_pickers] AndroidManifest.xml:36:13-59
204            android:theme="@style/AppTheme" />
204-->[:image_pickers] AndroidManifest.xml:37:13-44
205
206        <uses-library
206-->[androidx.window:window:1.0.0-beta04] AndroidManifest.xml:25:9-27:40
207            android:name="androidx.window.extensions"
207-->[androidx.window:window:1.0.0-beta04] AndroidManifest.xml:26:13-54
208            android:required="false" />
208-->[androidx.window:window:1.0.0-beta04] AndroidManifest.xml:27:13-37
209        <uses-library
209-->[androidx.window:window:1.0.0-beta04] AndroidManifest.xml:28:9-30:40
210            android:name="androidx.window.sidecar"
210-->[androidx.window:window:1.0.0-beta04] AndroidManifest.xml:29:13-51
211            android:required="false" />
211-->[androidx.window:window:1.0.0-beta04] AndroidManifest.xml:30:13-37
212
213        <receiver
213-->[com.google.firebase:firebase-messaging:23.0.6] AndroidManifest.xml:32:9-39:20
214            android:name="com.google.firebase.iid.FirebaseInstanceIdReceiver"
214-->[com.google.firebase:firebase-messaging:23.0.6] AndroidManifest.xml:33:13-78
215            android:exported="true"
215-->[com.google.firebase:firebase-messaging:23.0.6] AndroidManifest.xml:34:13-36
216            android:permission="com.google.android.c2dm.permission.SEND" >
216-->[com.google.firebase:firebase-messaging:23.0.6] AndroidManifest.xml:35:13-73
217            <intent-filter>
217-->[:firebase_messaging] AndroidManifest.xml:30:13-32:29
218                <action android:name="com.google.android.c2dm.intent.RECEIVE" />
218-->[:firebase_messaging] AndroidManifest.xml:31:17-81
218-->[:firebase_messaging] AndroidManifest.xml:31:25-78
219            </intent-filter>
220        </receiver>
221        <!--
222             FirebaseMessagingService performs security checks at runtime,
223             but set to not exported to explicitly avoid allowing another app to call it.
224        -->
225        <service
225-->[com.google.firebase:firebase-messaging:23.0.6] AndroidManifest.xml:45:9-52:19
226            android:name="com.google.firebase.messaging.FirebaseMessagingService"
226-->[com.google.firebase:firebase-messaging:23.0.6] AndroidManifest.xml:46:13-82
227            android:directBootAware="true"
227-->[com.google.firebase:firebase-messaging:23.0.6] AndroidManifest.xml:47:13-43
228            android:exported="false" >
228-->[com.google.firebase:firebase-messaging:23.0.6] AndroidManifest.xml:48:13-37
229            <intent-filter android:priority="-500" >
229-->[:firebase_messaging] AndroidManifest.xml:21:13-23:29
230                <action android:name="com.google.firebase.MESSAGING_EVENT" />
230-->[:firebase_messaging] AndroidManifest.xml:22:17-78
230-->[:firebase_messaging] AndroidManifest.xml:22:25-75
231            </intent-filter>
232        </service>
233
234        <provider
234-->[com.google.firebase:firebase-common:20.1.1] AndroidManifest.xml:26:9-31:39
235            android:name="com.google.firebase.provider.FirebaseInitProvider"
235-->[com.google.firebase:firebase-common:20.1.1] AndroidManifest.xml:27:13-77
236            android:authorities="com.example.archdni.firebaseinitprovider"
236-->[com.google.firebase:firebase-common:20.1.1] AndroidManifest.xml:28:13-72
237            android:directBootAware="true"
237-->[com.google.firebase:firebase-common:20.1.1] AndroidManifest.xml:29:13-43
238            android:exported="false"
238-->[com.google.firebase:firebase-common:20.1.1] AndroidManifest.xml:30:13-37
239            android:initOrder="100" />
239-->[com.google.firebase:firebase-common:20.1.1] AndroidManifest.xml:31:13-36
240
241        <activity
241-->[com.google.android.gms:play-services-auth:20.0.1] AndroidManifest.xml:23:9-27:75
242            android:name="com.google.android.gms.auth.api.signin.internal.SignInHubActivity"
242-->[com.google.android.gms:play-services-auth:20.0.1] AndroidManifest.xml:24:13-93
243            android:excludeFromRecents="true"
243-->[com.google.android.gms:play-services-auth:20.0.1] AndroidManifest.xml:25:13-46
244            android:exported="false"
244-->[com.google.android.gms:play-services-auth:20.0.1] AndroidManifest.xml:26:13-37
245            android:theme="@android:style/Theme.Translucent.NoTitleBar" />
245-->[com.google.android.gms:play-services-auth:20.0.1] AndroidManifest.xml:27:13-72
246        <!--
247            Service handling Google Sign-In user revocation. For apps that do not integrate with
248            Google Sign-In, this service will never be started.
249        -->
250        <service
250-->[com.google.android.gms:play-services-auth:20.0.1] AndroidManifest.xml:33:9-37:51
251            android:name="com.google.android.gms.auth.api.signin.RevocationBoundService"
251-->[com.google.android.gms:play-services-auth:20.0.1] AndroidManifest.xml:34:13-89
252            android:exported="true"
252-->[com.google.android.gms:play-services-auth:20.0.1] AndroidManifest.xml:35:13-36
253            android:permission="com.google.android.gms.auth.api.signin.permission.REVOCATION_NOTIFICATION"
253-->[com.google.android.gms:play-services-auth:20.0.1] AndroidManifest.xml:36:13-107
254            android:visibleToInstantApps="true" />
254-->[com.google.android.gms:play-services-auth:20.0.1] AndroidManifest.xml:37:13-48
255
256        <activity
256-->[com.google.android.gms:play-services-base:18.0.1] AndroidManifest.xml:20:9-22:45
257            android:name="com.google.android.gms.common.api.GoogleApiActivity"
257-->[com.google.android.gms:play-services-base:18.0.1] AndroidManifest.xml:20:19-85
258            android:exported="false"
258-->[com.google.android.gms:play-services-base:18.0.1] AndroidManifest.xml:22:19-43
259            android:theme="@android:style/Theme.Translucent.NoTitleBar" />
259-->[com.google.android.gms:play-services-base:18.0.1] AndroidManifest.xml:21:19-78
260
261        <meta-data
261-->[com.google.android.gms:play-services-basement:18.0.0] AndroidManifest.xml:21:9-23:69
262            android:name="com.google.android.gms.version"
262-->[com.google.android.gms:play-services-basement:18.0.0] AndroidManifest.xml:22:13-58
263            android:value="@integer/google_play_services_version" />
263-->[com.google.android.gms:play-services-basement:18.0.0] AndroidManifest.xml:23:13-66
264
265        <provider
265-->[io.github.lucksiege:pictureselector:v2.7.3-rc08] AndroidManifest.xml:14:9-22:20
266            android:name="com.luck.picture.lib.PictureFileProvider"
266-->[io.github.lucksiege:pictureselector:v2.7.3-rc08] AndroidManifest.xml:15:13-68
267            android:authorities="com.example.archdni.luckProvider"
267-->[io.github.lucksiege:pictureselector:v2.7.3-rc08] AndroidManifest.xml:16:13-64
268            android:exported="false"
268-->[io.github.lucksiege:pictureselector:v2.7.3-rc08] AndroidManifest.xml:17:13-37
269            android:grantUriPermissions="true" >
269-->[io.github.lucksiege:pictureselector:v2.7.3-rc08] AndroidManifest.xml:18:13-47
270            <meta-data
270-->[:image_picker_android] AndroidManifest.xml:15:13-17:75
271                android:name="android.support.FILE_PROVIDER_PATHS"
271-->[:image_picker_android] AndroidManifest.xml:16:17-67
272                android:resource="@xml/file_paths" />
272-->[:image_picker_android] AndroidManifest.xml:17:17-72
273        </provider>
274
275        <activity
275-->[io.github.lucksiege:pictureselector:v2.7.3-rc08] AndroidManifest.xml:24:9-26:77
276            android:name="com.luck.picture.lib.PictureSelectorActivity"
276-->[io.github.lucksiege:pictureselector:v2.7.3-rc08] AndroidManifest.xml:25:13-72
277            android:configChanges="orientation|keyboardHidden|screenSize" />
277-->[io.github.lucksiege:pictureselector:v2.7.3-rc08] AndroidManifest.xml:26:13-74
278        <activity
278-->[io.github.lucksiege:pictureselector:v2.7.3-rc08] AndroidManifest.xml:27:9-29:77
279            android:name="com.luck.picture.lib.PictureSelectorWeChatStyleActivity"
279-->[io.github.lucksiege:pictureselector:v2.7.3-rc08] AndroidManifest.xml:28:13-83
280            android:configChanges="orientation|keyboardHidden|screenSize" />
280-->[io.github.lucksiege:pictureselector:v2.7.3-rc08] AndroidManifest.xml:29:13-74
281        <activity
281-->[io.github.lucksiege:pictureselector:v2.7.3-rc08] AndroidManifest.xml:30:9-33:64
282            android:name="com.luck.picture.lib.PictureSelectorCameraEmptyActivity"
282-->[io.github.lucksiege:pictureselector:v2.7.3-rc08] AndroidManifest.xml:31:13-83
283            android:configChanges="orientation|keyboardHidden|screenSize"
283-->[io.github.lucksiege:pictureselector:v2.7.3-rc08] AndroidManifest.xml:32:13-74
284            android:theme="@style/Picture.Theme.Translucent" />
284-->[io.github.lucksiege:pictureselector:v2.7.3-rc08] AndroidManifest.xml:33:13-61
285        <activity
285-->[io.github.lucksiege:pictureselector:v2.7.3-rc08] AndroidManifest.xml:34:9-36:77
286            android:name="com.luck.picture.lib.PictureCustomCameraActivity"
286-->[io.github.lucksiege:pictureselector:v2.7.3-rc08] AndroidManifest.xml:35:13-76
287            android:configChanges="orientation|keyboardHidden|screenSize" />
287-->[io.github.lucksiege:pictureselector:v2.7.3-rc08] AndroidManifest.xml:36:13-74
288        <activity
288-->[io.github.lucksiege:pictureselector:v2.7.3-rc08] AndroidManifest.xml:37:9-39:77
289            android:name="com.luck.picture.lib.PicturePreviewActivity"
289-->[io.github.lucksiege:pictureselector:v2.7.3-rc08] AndroidManifest.xml:38:13-71
290            android:configChanges="orientation|keyboardHidden|screenSize" />
290-->[io.github.lucksiege:pictureselector:v2.7.3-rc08] AndroidManifest.xml:39:13-74
291        <activity